#
# A fatal error has been detected by the Java Runtime Environment:
#
#  Internal Error (sharedRuntime.cpp:834), pid=3968, tid=0x0000000000000778
#  fatal error: exception happened outside interpreter, nmethods and vtable stubs at pc 0x00000000026f9d73
#
# JRE version: Java(TM) SE Runtime Environment (8.0_151-b12) (build 1.8.0_151-b12)
# Java VM: Java HotSpot(TM) 64-Bit Server VM (25.151-b12 mixed mode windows-amd64 compressed oops)
# Failed to write core dump. Minidumps are not enabled by default on client versions of Windows
#
# If you would like to submit a bug report, please visit:
#   http://bugreport.java.com/bugreport/crash.jsp
#

---------------  T H R E A D  ---------------

Current thread (0x0000000056e56000):  JavaThread "QuantumRenderer-0" daemon [_thread_in_Java, id=1912, stack(0x0000000057600000,0x0000000057700000)]

Stack: [0x0000000057600000,0x0000000057700000]
[error occurred during error reporting (printing stack bounds), id 0xe0000000]

Native frames: (J=compiled Java code, j=interpreted, Vv=VM code, C=native code)


---------------  P R O C E S S  ---------------

Java Threads: ( => current thread )
=>0x0000000056e56000 JavaThread "QuantumRenderer-0" daemon [_thread_in_Java, id=1912, stack(0x0000000057600000,0x0000000057700000)]
  0x00000000560cd800 JavaThread "Service Thread" daemon [_thread_blocked, id=5036, stack(0x0000000056d00000,0x0000000056e00000)]
  0x000000005604e000 JavaThread "C1 CompilerThread2" daemon [_thread_blocked, id=3780, stack(0x0000000056b00000,0x0000000056c00000)]
  0x000000005604d000 JavaThread "C2 CompilerThread1" daemon [_thread_blocked, id=4276, stack(0x00000000569a0000,0x0000000056aa0000)]
  0x0000000056046000 JavaThread "C2 CompilerThread0" daemon [_thread_blocked, id=1388, stack(0x0000000056440000,0x0000000056540000)]
  0x0000000054c99800 JavaThread "Attach Listener" daemon [_thread_blocked, id=5260, stack(0x00000000566f0000,0x00000000567f0000)]
  0x000000005604c000 JavaThread "Signal Dispatcher" daemon [_thread_blocked, id=5848, stack(0x00000000565a0000,0x00000000566a0000)]
  0x0000000054c7a000 JavaThread "Finalizer" daemon [_thread_blocked, id=5156, stack(0x0000000055f40000,0x0000000056040000)]
  0x0000000054c33000 JavaThread "Reference Handler" daemon [_thread_blocked, id=5152, stack(0x0000000055e20000,0x0000000055f20000)]
  0x000000000214e800 JavaThread "main" [_thread_blocked, id=1520, stack(0x00000000022d0000,0x00000000023d0000)]

Other Threads:
  0x0000000054c2b800 VMThread [stack: 0x0000000055cc0000,0x0000000055dc0000] [id=1452]
  0x00000000560f2000 WatcherThread [stack: 0x0000000056860000,0x0000000056960000] [id=4624]

VM state:not at safepoint (normal execution)

VM Mutex/Monitor currently owned by a thread: None

Heap:
 PSYoungGen      total 17408K, used 4934K [0x00000000ecf00000, 0x00000000ee200000, 0x0000000100000000)
  eden space 15360K, 32% used [0x00000000ecf00000,0x00000000ed3d1b18,0x00000000ede00000)
  from space 2048K, 0% used [0x00000000ee000000,0x00000000ee000000,0x00000000ee200000)
  to   space 2048K, 0% used [0x00000000ede00000,0x00000000ede00000,0x00000000ee000000)
 ParOldGen       total 39936K, used 0K [0x00000000c6c00000, 0x00000000c9300000, 0x00000000ecf00000)
  object space 39936K, 0% used [0x00000000c6c00000,0x00000000c6c00000,0x00000000c9300000)
 Metaspace       used 5128K, capacity 5520K, committed 5632K, reserved 1056768K
  class space    used 580K, capacity 661K, committed 768K, reserved 1048576K

Card table byte_map: [0x0000000011a60000,0x0000000011c30000] byte_map_base: 0x000000001142a000

Marking Bits: (ParMarkBitMap*) 0x000000006eaed850
 Begin Bits: [0x0000000012430000, 0x0000000013280000)
 End Bits:   [0x0000000013280000, 0x00000000140d0000)

Polling page: 0x0000000001c60000

CodeCache: size=245760Kb used=1769Kb max_used=1769Kb free=243990Kb
 bounds [0x00000000026a0000, 0x0000000002910000, 0x00000000116a0000]
 total_blobs=635 nmethods=332 adapters=216
 compilation: enabled

Compilation events (10 events):
Event: 0.535 Thread 0x000000005604e000  325       1       java.lang.reflect.Field::getName (5 bytes)
Event: 0.535 Thread 0x000000005604e000 nmethod 325 0x00000000028529d0 code [0x0000000002852b20, 0x0000000002852c30]
Event: 0.549 Thread 0x000000005604e000  329       3       java.util.zip.ZipFile::ensureOpen (37 bytes)
Event: 0.549 Thread 0x000000005604e000 nmethod 329 0x0000000002852010 code [0x00000000028521a0, 0x00000000028524f8]
Event: 0.549 Thread 0x000000005604e000  330       3       java.util.zip.ZipCoder::getBytes (192 bytes)
Event: 0.553 Thread 0x000000005604e000 nmethod 330 0x0000000002858ad0 code [0x0000000002858e80, 0x000000000285b0b8]
Event: 0.553 Thread 0x000000005604e000  331       1       java.net.URLClassLoader::access$000 (5 bytes)
Event: 0.553 Thread 0x000000005604e000 nmethod 331 0x0000000002851d50 code [0x0000000002851ea0, 0x0000000002851f90]
Event: 0.553 Thread 0x000000005604e000  332       1       sun.misc.URLClassPath$JarLoader::access$600 (5 bytes)
Event: 0.553 Thread 0x000000005604e000 nmethod 332 0x0000000002851a90 code [0x0000000002851be0, 0x0000000002851cd0]

GC Heap History (0 events):
No events

Deoptimization events (0 events):
No events

Internal exceptions (9 events):
Event: 0.056 Thread 0x000000000214e800 Exception <a 'java/lang/NoSuchMethodError': Method sun.misc.Unsafe.defineClass(Ljava/lang/String;[BII)Ljava/lang/Class; name or signature does not match> (0x00000000ecf07ca8) thrown at [C:\re\workspace\8-2-build-windows-amd64-cygwin\jdk8u151\9699\hotspot\
Event: 0.056 Thread 0x000000000214e800 Exception <a 'java/lang/NoSuchMethodError': Method sun.misc.Unsafe.prefetchRead(Ljava/lang/Object;J)V name or signature does not match> (0x00000000ecf07f90) thrown at [C:\re\workspace\8-2-build-windows-amd64-cygwin\jdk8u151\9699\hotspot\src\share\vm\prims
Event: 0.346 Thread 0x000000000214e800 Exception <a 'java/lang/NoSuchFieldError': method resolution failed> (0x00000000ed100a78) thrown at [C:\re\workspace\8-2-build-windows-amd64-cygwin\jdk8u151\9699\hotspot\src\share\vm\prims\methodHandles.cpp, line 1146]
Event: 0.352 Thread 0x000000000214e800 Exception <a 'java/lang/NoSuchFieldError': method resolution failed> (0x00000000ed10ddf8) thrown at [C:\re\workspace\8-2-build-windows-amd64-cygwin\jdk8u151\9699\hotspot\src\share\vm\prims\methodHandles.cpp, line 1146]
Event: 0.396 Thread 0x000000000214e800 Exception <a 'java/security/PrivilegedActionException'> (0x00000000ed198c20) thrown at [C:\re\workspace\8-2-build-windows-amd64-cygwin\jdk8u151\9699\hotspot\src\share\vm\prims\jvm.cpp, line 1390]
Event: 0.396 Thread 0x000000000214e800 Exception <a 'java/security/PrivilegedActionException'> (0x00000000ed198e30) thrown at [C:\re\workspace\8-2-build-windows-amd64-cygwin\jdk8u151\9699\hotspot\src\share\vm\prims\jvm.cpp, line 1390]
Event: 0.397 Thread 0x000000000214e800 Exception <a 'java/security/PrivilegedActionException'> (0x00000000ed19cd40) thrown at [C:\re\workspace\8-2-build-windows-amd64-cygwin\jdk8u151\9699\hotspot\src\share\vm\prims\jvm.cpp, line 1390]
Event: 0.397 Thread 0x000000000214e800 Exception <a 'java/security/PrivilegedActionException'> (0x00000000ed19cf50) thrown at [C:\re\workspace\8-2-build-windows-amd64-cygwin\jdk8u151\9699\hotspot\src\share\vm\prims\jvm.cpp, line 1390]
Event: 0.398 Thread 0x000000000214e800 Exception <a 'java/lang/NullPointerException'> (0x00000000ed19d528) thrown at [C:\re\workspace\8-2-build-windows-amd64-cygwin\jdk8u151\9699\hotspot\src\share\vm\interpreter\linkResolver.cpp, line 1183]

Events (10 events):
Event: 0.549 loading class com/sun/prism/ps/ShaderFactory
Event: 0.549 loading class com/sun/prism/ps/ShaderFactory done
Event: 0.549 loading class com/sun/prism/impl/BaseResourceFactory
Event: 0.549 loading class com/sun/prism/impl/BaseResourceFactory done
Event: 0.550 loading class com/sun/glass/ui/Screen
Event: 0.550 loading class com/sun/glass/ui/Screen done
Event: 0.551 loading class com/sun/prism/GraphicsPipeline$ShaderType
Event: 0.551 loading class com/sun/prism/GraphicsPipeline$ShaderType done
Event: 0.551 loading class com/sun/prism/GraphicsPipeline$ShaderModel
Event: 0.551 loading class com/sun/prism/GraphicsPipeline$ShaderModel done


Dynamic libraries:
0x000000013fcf0000 - 0x000000013fd27000 	C:\Program Files\Java\jdk1.8.0_151\jre\bin\java.exe
0x0000000077050000 - 0x00000000771fa000 	C:\Windows\SYSTEM32\ntdll.dll
0x0000000076f30000 - 0x000000007704f000 	C:\Windows\system32\kernel32.dll
0x000007fefd0d0000 - 0x000007fefd13a000 	C:\Windows\system32\KERNELBASE.dll
0x000007fefd140000 - 0x000007fefd21b000 	C:\Windows\system32\ADVAPI32.dll
0x000007fefe770000 - 0x000007fefe80f000 	C:\Windows\system32\msvcrt.dll
0x000007fefe750000 - 0x000007fefe76f000 	C:\Windows\SYSTEM32\sechost.dll
0x000007feff190000 - 0x000007feff2bd000 	C:\Windows\system32\RPCRT4.dll
0x0000000076e30000 - 0x0000000076f2a000 	C:\Windows\system32\USER32.dll
0x000007fefe930000 - 0x000007fefe997000 	C:\Windows\system32\GDI32.dll
0x000007feff180000 - 0x000007feff18e000 	C:\Windows\system32\LPK.dll
0x000007fefee30000 - 0x000007fefeefa000 	C:\Windows\system32\USP10.dll
0x000007fefbdb0000 - 0x000007fefbfa4000 	C:\Windows\WinSxS\amd64_microsoft.windows.common-controls_6595b64144ccf1df_6.0.7601.18837_none_fa3b1e3d17594757\COMCTL32.dll
0x000007fefd890000 - 0x000007fefd901000 	C:\Windows\system32\SHLWAPI.dll
0x000007fefe810000 - 0x000007fefe83e000 	C:\Windows\system32\IMM32.DLL
0x000007fefe9a0000 - 0x000007fefeaa9000 	C:\Windows\system32\MSCTF.dll
0x000000006e1f0000 - 0x000000006e2c2000 	C:\Program Files\Java\jdk1.8.0_151\jre\bin\msvcr100.dll
0x000000006e2d0000 - 0x000000006eb6d000 	C:\Program Files\Java\jdk1.8.0_151\jre\bin\server\jvm.dll
0x000007fefa6d0000 - 0x000007fefa6d9000 	C:\Windows\system32\WSOCK32.dll
0x000007fefe700000 - 0x000007fefe74d000 	C:\Windows\system32\WS2_32.dll
0x000007fefe840000 - 0x000007fefe848000 	C:\Windows\system32\NSI.dll
0x000007fefa640000 - 0x000007fefa67b000 	C:\Windows\system32\WINMM.dll
0x000007fefb930000 - 0x000007fefb93c000 	C:\Windows\system32\VERSION.dll
0x0000000077210000 - 0x0000000077217000 	C:\Windows\system32\PSAPI.DLL
0x000000006fda0000 - 0x000000006fdaf000 	C:\Program Files\Java\jdk1.8.0_151\jre\bin\verify.dll
0x000000006e1c0000 - 0x000000006e1e9000 	C:\Program Files\Java\jdk1.8.0_151\jre\bin\java.dll
0x000000006fd80000 - 0x000000006fd96000 	C:\Program Files\Java\jdk1.8.0_151\jre\bin\zip.dll
0x000007fefd910000 - 0x000007fefe69a000 	C:\Windows\system32\SHELL32.dll
0x000007fefd220000 - 0x000007fefd423000 	C:\Windows\system32\ole32.dll
0x000007fefcd80000 - 0x000007fefcd8f000 	C:\Windows\system32\profapi.dll
0x000007feecab0000 - 0x000007feecab3000 	C:\Program Files\Java\jdk1.8.0_151\jre\bin\api-ms-win-core-console-l1-1-0.dll
0x000007feecac0000 - 0x000007feecac3000 	C:\Program Files\Java\jdk1.8.0_151\jre\bin\api-ms-win-core-datetime-l1-1-0.dll
0x000007fee6350000 - 0x000007fee6353000 	C:\Program Files\Java\jdk1.8.0_151\jre\bin\api-ms-win-core-debug-l1-1-0.dll
0x000007feeca70000 - 0x000007feeca73000 	C:\Program Files\Java\jdk1.8.0_151\jre\bin\api-ms-win-core-errorhandling-l1-1-0.dll
0x000007fee6330000 - 0x000007fee6334000 	C:\Program Files\Java\jdk1.8.0_151\jre\bin\api-ms-win-core-file-l1-1-0.dll
0x000007fee6340000 - 0x000007fee6343000 	C:\Program Files\Java\jdk1.8.0_151\jre\bin\api-ms-win-core-file-l1-2-0.dll
0x000007fee6310000 - 0x000007fee6313000 	C:\Program Files\Java\jdk1.8.0_151\jre\bin\api-ms-win-core-file-l2-1-0.dll
0x000007fee6320000 - 0x000007fee6323000 	C:\Program Files\Java\jdk1.8.0_151\jre\bin\api-ms-win-core-handle-l1-1-0.dll
0x000007fee62f0000 - 0x000007fee62f3000 	C:\Program Files\Java\jdk1.8.0_151\jre\bin\api-ms-win-core-heap-l1-1-0.dll
0x000007fee6300000 - 0x000007fee6303000 	C:\Program Files\Java\jdk1.8.0_151\jre\bin\api-ms-win-core-interlocked-l1-1-0.dll
0x000007fee61f0000 - 0x000007fee61f3000 	C:\Program Files\Java\jdk1.8.0_151\jre\bin\api-ms-win-core-libraryloader-l1-1-0.dll
0x000007fee62e0000 - 0x000007fee62e3000 	C:\Program Files\Java\jdk1.8.0_151\jre\bin\api-ms-win-core-localization-l1-2-0.dll
0x000007fee61b0000 - 0x000007fee61b3000 	C:\Program Files\Java\jdk1.8.0_151\jre\bin\api-ms-win-core-memory-l1-1-0.dll
0x000007fee61c0000 - 0x000007fee61c3000 	C:\Program Files\Java\jdk1.8.0_151\jre\bin\api-ms-win-core-namedpipe-l1-1-0.dll
0x000007fee6190000 - 0x000007fee6193000 	C:\Program Files\Java\jdk1.8.0_151\jre\bin\api-ms-win-core-processenvironment-l1-1-0.dll
0x000007fee61a0000 - 0x000007fee61a3000 	C:\Program Files\Java\jdk1.8.0_151\jre\bin\api-ms-win-core-processthreads-l1-1-0.dll
0x000007fee6170000 - 0x000007fee6173000 	C:\Program Files\Java\jdk1.8.0_151\jre\bin\api-ms-win-core-processthreads-l1-1-1.dll
0x000007fee6180000 - 0x000007fee6183000 	C:\Program Files\Java\jdk1.8.0_151\jre\bin\api-ms-win-core-profile-l1-1-0.dll
0x000007fee6100000 - 0x000007fee6103000 	C:\Program Files\Java\jdk1.8.0_151\jre\bin\api-ms-win-core-rtlsupport-l1-1-0.dll
0x000007fee6160000 - 0x000007fee6163000 	C:\Program Files\Java\jdk1.8.0_151\jre\bin\api-ms-win-core-string-l1-1-0.dll
0x000007fee60e0000 - 0x000007fee60e3000 	C:\Program Files\Java\jdk1.8.0_151\jre\bin\api-ms-win-core-synch-l1-1-0.dll
0x000007fee60f0000 - 0x000007fee60f3000 	C:\Program Files\Java\jdk1.8.0_151\jre\bin\api-ms-win-core-synch-l1-2-0.dll
0x000007fee60c0000 - 0x000007fee60c3000 	C:\Program Files\Java\jdk1.8.0_151\jre\bin\api-ms-win-core-sysinfo-l1-1-0.dll
0x000007fee60d0000 - 0x000007fee60d3000 	C:\Program Files\Java\jdk1.8.0_151\jre\bin\api-ms-win-core-timezone-l1-1-0.dll
0x000007fee60a0000 - 0x000007fee60a3000 	C:\Program Files\Java\jdk1.8.0_151\jre\bin\api-ms-win-core-util-l1-1-0.dll
0x000007fee60b0000 - 0x000007fee60b3000 	C:\Program Files\Java\jdk1.8.0_151\jre\bin\api-ms-win-crt-conio-l1-1-0.dll
0x000007fee6080000 - 0x000007fee6084000 	C:\Program Files\Java\jdk1.8.0_151\jre\bin\api-ms-win-crt-convert-l1-1-0.dll
0x000007fee6090000 - 0x000007fee6093000 	C:\Program Files\Java\jdk1.8.0_151\jre\bin\api-ms-win-crt-environment-l1-1-0.dll
0x000007fee6060000 - 0x000007fee6063000 	C:\Program Files\Java\jdk1.8.0_151\jre\bin\api-ms-win-crt-filesystem-l1-1-0.dll
0x000007fee6070000 - 0x000007fee6073000 	C:\Program Files\Java\jdk1.8.0_151\jre\bin\api-ms-win-crt-heap-l1-1-0.dll
0x000007fee6040000 - 0x000007fee6043000 	C:\Program Files\Java\jdk1.8.0_151\jre\bin\api-ms-win-crt-locale-l1-1-0.dll
0x000007fee6050000 - 0x000007fee6055000 	C:\Program Files\Java\jdk1.8.0_151\jre\bin\api-ms-win-crt-math-l1-1-0.dll
0x000007fee58e0000 - 0x000007fee58e5000 	C:\Program Files\Java\jdk1.8.0_151\jre\bin\api-ms-win-crt-multibyte-l1-1-0.dll
0x000007fee6000000 - 0x000007fee6010000 	C:\Program Files\Java\jdk1.8.0_151\jre\bin\api-ms-win-crt-private-l1-1-0.dll
0x000007fee58c0000 - 0x000007fee58c3000 	C:\Program Files\Java\jdk1.8.0_151\jre\bin\api-ms-win-crt-process-l1-1-0.dll
0x000007fee58d0000 - 0x000007fee58d4000 	C:\Program Files\Java\jdk1.8.0_151\jre\bin\api-ms-win-crt-runtime-l1-1-0.dll
0x000007fee5700000 - 0x000007fee5704000 	C:\Program Files\Java\jdk1.8.0_151\jre\bin\api-ms-win-crt-stdio-l1-1-0.dll
0x000007fee58b0000 - 0x000007fee58b4000 	C:\Program Files\Java\jdk1.8.0_151\jre\bin\api-ms-win-crt-string-l1-1-0.dll
0x000007fee5210000 - 0x000007fee5213000 	C:\Program Files\Java\jdk1.8.0_151\jre\bin\api-ms-win-crt-time-l1-1-0.dll
0x000007fee56f0000 - 0x000007fee56f3000 	C:\Program Files\Java\jdk1.8.0_151\jre\bin\api-ms-win-crt-utility-l1-1-0.dll
0x000007fee39c0000 - 0x000007fee3ab6000 	C:\Program Files\Java\jdk1.8.0_151\jre\bin\ucrtbase.dll
0x000007fee4c90000 - 0x000007fee4ce1000 	C:\Program Files\Java\jdk1.8.0_151\jre\bin\concrt140.dll
0x000007fee3b20000 - 0x000007fee3bbc000 	C:\Program Files\Java\jdk1.8.0_151\jre\bin\MSVCP140.dll
0x000007fee51d0000 - 0x000007fee51e6000 	C:\Program Files\Java\jdk1.8.0_151\jre\bin\VCRUNTIME140.dll
0x000000006d0e0000 - 0x000000006d103000 	C:\Program Files\Java\jdk1.8.0_151\jre\bin\prism_d3d.dll
0x000007fee78c0000 - 0x000007fee7abf000 	C:\Windows\system32\d3d9.dll
0x000007feea850000 - 0x000007feea857000 	C:\Windows\system32\d3d8thk.dll
0x000007fefae30000 - 0x000007fefae48000 	C:\Windows\system32\dwmapi.dll
0x000007fefb260000 - 0x000007fefb2b6000 	C:\Windows\system32\uxtheme.dll
0x000007fee6d20000 - 0x000007fee78be000 	C:\Windows\system32\igdumdim64.dll
0x000007fef56d0000 - 0x000007fef5b10000 	C:\Windows\system32\igdusc64.dll

VM Arguments:
jvm_args: -Dfile.encoding=UTF-8 
java_command: calculator1.Calculator1
java_class_path (initial): C:\Users\reham\Documents\NetBeansProjects\calculator1\dist\calculator1.jar;C:\Program Files\Java\jdk1.8.0_151\jre\lib\javaws.jar;C:\Program Files\Java\jdk1.8.0_151\jre\lib\deploy.jar;C:\Program Files\Java\jdk1.8.0_151\jre\lib\plugin.jar;C:\Users\reham\Downloads\JavaFxLibs\controlsfx-9.0.0.jar;C:\Users\reham\Downloads\JavaFxLibs\controlsfx-samples-8.40.14.jar;C:\Users\reham\Downloads\JavaFxLibs\fontawesomefx-commons-8.15.jar;C:\Users\reham\Downloads\JavaFxLibs\fontawesomefx-controls-8.15.jar;C:\Users\reham\Downloads\JavaFxLibs\fontawesomefx-emojione-2.2.7-2.jar;C:\Users\reham\Downloads\JavaFxLibs\fontawesomefx-fontawesome-4.7.0-5.jar;C:\Users\reham\Downloads\JavaFxLibs\fontawesomefx-glyphsbrowser-1.3.0.jar;C:\Users\reham\Downloads\JavaFxLibs\fontawesomefx-glyphsbrowser-all-1.0.jar;C:\Users\reham\Downloads\JavaFxLibs\fontawesomefx-icons525-3.0.0-4.jar;C:\Users\reham\Downloads\JavaFxLibs\fontawesomefx-materialdesignfont-1.7.22-4.jar;C:\Users\reham\Downloads\JavaFxLibs\fontawesomefx-materialicons-2.2.0-5.jar;C:\Users\reham\Downloads\JavaFxLibs\fontawesomefx-octicons-4.3.0-5.jar;C:\Users\reham\Downloads\JavaFxLibs\fontawesomefx-weathericons-2.0.10-5.jar;C:\Users\reham\Downloads\JavaFxLibs\fxsampler-1.0.10.jar;C:\Users\reham\Downloads\JavaFxLibs\jfoenix-8.0.1.jar;C:\Users\reham\Downloads\JavaFxLibs\mysql-connector-java-5.1.42-bin.jar;C:\Users\reham\Documents\NetBeansProjects\calculator1\build\classes
Launcher Type: SUN_STANDARD

Environment Variables:
PATH=C:\Program Files (x86)\Common Files\Oracle\Java\javapath;C:\Program Files\Broadcom\Broadcom 802.11 Network Adapter\Driver;;C:\Program Files (x86)\Intel\iCLS Client\;C:\Program Files\Intel\iCLS Client\;;C:\Windows\system32;C:\Windows;C:\Windows\System32\Wbem;C:\Windows\System32\WindowsPowerShell\v1.0\;C:\Program Files (x86)\Intel\OpenCL SDK\2.0\bin\x86;C:\Program Files (x86)\Intel\OpenCL SDK\2.0\bin\x64;C:\Program Files (x86)\Intel\OpenCL SDK\2.0\bin\x86;C:\Program Files (x86)\Intel\OpenCL SDK\2.0\bin\x64;C:\Program Files\Intel\WiFi\bin\;C:\Program Files\Common Files\Intel\WirelessCommon\;C:\Program Files\Intel\Intel(R) Management Engine Components\DAL;C:\Program Files\Intel\Intel(R) Management Engine Components\IPT;C:\Program Files (x86)\Intel\Intel(R) Management Engine Components\DAL;C:\Program Files (x86)\Intel\Intel(R) Management Engine Components\IPT;C:\Program Files\Lenovo\Bluetooth Software\;C:\Program Files\Lenovo\Bluetooth Software\syswow64;C:\Program Files\Intel\WiFi\bin\;C:\Program Files\Common Files\Intel\WirelessCommon\
USERNAME=reham
OS=Windows_NT
PROCESSOR_IDENTIFIER=Intel64 Family 6 Model 58 Stepping 9, GenuineIntel



---------------  S Y S T E M  ---------------

OS: Windows 7 , 64 bit Build 7601 (6.1.7601.23572)

CPU:total 4 (initial active 4) (2 cores per cpu, 2 threads per core) family 6 model 58 stepping 9, cmov, cx8, fxsr, mmx, sse, sse2, sse3, ssse3, sse4.1, sse4.2, popcnt, avx, clmul, erms, ht, tsc, tscinvbit, tscinv

Memory: 4k page, physical 3745260k(930632k free), swap 7488660k(3903780k free)

vm_info: Java HotSpot(TM) 64-Bit Server VM (25.151-b12) for windows-amd64 JRE (1.8.0_151-b12), built on Sep  5 2017 19:33:46 by "java_re" with MS VC++ 10.0 (VS2010)

time: Sat Apr 04 02:40:36 2020
elapsed time: 0 seconds (0d 0h 0m 0s)

